<?xml version="1.0" encoding="UTF-8"?>
<!-- Generated by org.testng.reporters.JUnitReportReporter -->
<testsuite hostname="DESKTOP-MTQRHIP" failures="0" tests="1" name="TestCaseRepo.LE_04" time="27.835" errors="0" timestamp="2024-07-31T10:40:35 IST" skipped="0">
  <testcase classname="TestCaseRepo.LE_04" name="le_04" time="27.835"/>
  <system-out/>
</testsuite> <!-- TestCaseRepo.LE_04 -->
