<?xml version="1.0" encoding="UTF-8"?>
<!-- Generated by org.testng.reporters.JUnitReportReporter -->
<testsuite hostname="DESKTOP-MTQRHIP" failures="0" tests="1" name="TestCaseRepo.CON_01" time="28.878" errors="0" timestamp="2024-07-31T10:40:35 IST" skipped="0">
  <testcase classname="TestCaseRepo.CON_01" name="con_01" time="28.878"/>
  <system-out/>
</testsuite> <!-- TestCaseRepo.CON_01 -->
