<?xml version="1.0" encoding="UTF-8"?>
<!-- Generated by org.testng.reporters.JUnitReportReporter -->
<testsuite hostname="DESKTOP-MTQRHIP" failures="0" tests="1" name="objectRepository.Program02" time="0.017" errors="0" timestamp="2024-07-22T23:50:53 IST" skipped="0">
  <testcase classname="objectRepository.Program02" name="deleteUser" time="0.017"/>
  <system-out/>
</testsuite> <!-- objectRepository.Program02 -->
