<?xml version="1.0" encoding="UTF-8"?>
<!-- Generated by org.testng.reporters.JUnitReportReporter -->
<testsuite hostname="DESKTOP-MTQRHIP" failures="0" tests="1" name="TestCaseRepo.ORG_02" time="23.702" errors="0" timestamp="2024-07-31T10:40:35 IST" skipped="0">
  <testcase classname="TestCaseRepo.ORG_02" name="org_02" time="23.702"/>
  <system-out/>
</testsuite> <!-- TestCaseRepo.ORG_02 -->
