<?xml version="1.0" encoding="UTF-8"?>
<!-- Generated by org.testng.reporters.JUnitReportReporter -->
<testsuite hostname="DESKTOP-MTQRHIP" failures="0" tests="1" name="TestCaseRepo.LE_03" time="23.944" errors="0" timestamp="2024-07-31T10:59:30 IST" skipped="0">
  <testcase classname="TestCaseRepo.LE_03" name="le_03" time="23.944"/>
  <system-out/>
</testsuite> <!-- TestCaseRepo.LE_03 -->
