<?xml version="1.0" encoding="UTF-8"?>
<!-- Generated by org.testng.reporters.JUnitReportReporter -->
<testsuite hostname="DESKTOP-MTQRHIP" failures="0" tests="1" name="TestCaseRepo.Tc_02" time="31.535" errors="0" timestamp="2024-07-28T00:22:08 IST" skipped="0">
  <testcase classname="TestCaseRepo.Tc_02" name="le_02" time="31.535"/>
  <system-out/>
</testsuite> <!-- TestCaseRepo.Tc_02 -->
