<?xml version="1.0" encoding="UTF-8"?>
<!-- Generated by org.testng.reporters.JUnitReportReporter -->
<testsuite hostname="DESKTOP-MTQRHIP" failures="0" tests="1" name="TestCaseRepo.ORG_04" time="26.405" errors="0" timestamp="2024-07-31T10:40:35 IST" skipped="0">
  <testcase classname="TestCaseRepo.ORG_04" name="org_04" time="26.405"/>
  <system-out/>
</testsuite> <!-- TestCaseRepo.ORG_04 -->
