<?xml version="1.0" encoding="UTF-8"?>
<!-- Generated by org.testng.reporters.JUnitReportReporter -->
<testsuite hostname="DESKTOP-MTQRHIP" failures="0" tests="3" name="objectRepository.Program03" time="0.031" errors="0" timestamp="2024-07-23T05:42:37 IST" skipped="0">
  <testcase classname="objectRepository.Program03" name="deleteUser" time="0.002"/>
  <system-out/>
  <testcase classname="objectRepository.Program03" name="createUser" time="0.023"/>
  <system-out/>
  <testcase classname="objectRepository.Program03" name="modifyUser" time="0.006"/>
  <system-out/>
</testsuite> <!-- objectRepository.Program03 -->
