<?xml version="1.0" encoding="UTF-8"?>
<!-- Generated by org.testng.reporters.JUnitReportReporter -->
<testsuite hostname="DESKTOP-MTQRHIP" failures="0" tests="1" name="TestCaseRepo.LE_01" time="51.629" errors="0" timestamp="2024-07-31T10:59:30 IST" skipped="0">
  <testcase classname="TestCaseRepo.LE_01" name="le01Tc" time="51.629"/>
  <system-out/>
</testsuite> <!-- TestCaseRepo.LE_01 -->
