<?xml version="1.0" encoding="UTF-8"?>
<!-- Generated by org.testng.reporters.JUnitReportReporter -->
<testsuite hostname="DESKTOP-MTQRHIP" failures="0" tests="1" name="TestCaseRepo.ORG_01" time="27.653" errors="0" timestamp="2024-07-31T10:40:35 IST" skipped="0">
  <testcase classname="TestCaseRepo.ORG_01" name="le_04" time="27.653"/>
  <system-out/>
</testsuite> <!-- TestCaseRepo.ORG_01 -->
