<?xml version="1.0" encoding="UTF-8"?>
<!-- Generated by org.testng.reporters.JUnitReportReporter -->
<testsuite hostname="DESKTOP-MTQRHIP" failures="0" tests="3" name="sample.Repo.Program1" time="0.021" errors="0" timestamp="2024-07-22T01:07:02 IST" skipped="0">
  <testcase classname="sample.Repo.Program1" name="createUser" time="0.018"/>
  <system-out/>
  <testcase classname="sample.Repo.Program1" name="modifyUser" time="0.001"/>
  <system-out/>
  <testcase classname="sample.Repo.Program1" name="deleteUser" time="0.002"/>
  <system-out/>
</testsuite> <!-- sample.Repo.Program1 -->
